<?xml version="1.0" encoding="UTF-8"?>
<!-- Generated by org.testng.reporters.JUnitReportReporter -->
<testsuite skipped="0" hostname="Mevlut" name="com.retailapp.tests.LoginTest1" tests="1" failures="0" timestamp="2021-08-24T14:51:18 CDT" time="4.174" errors="0">
  <testcase name="doLogin" time="4.174" classname="com.retailapp.tests.LoginTest1"/>
  <system-out/>
</testsuite> <!-- com.retailapp.tests.LoginTest1 -->
