<?xml version="1.0" encoding="UTF-8"?>
<!-- Generated by org.testng.reporters.JUnitReportReporter -->
<testsuite skipped="0" hostname="Mevlut" name="com.retailapp.tests.AddCategory" tests="3" failures="0" timestamp="2021-08-25T12:04:26 CDT" time="0.391" errors="0">
  <testcase name="addCat" time="0.248" classname="com.retailapp.tests.AddCategory"/>
  <system-out/>
  <testcase name="addCat" time="0.077" classname="com.retailapp.tests.AddCategory"/>
  <system-out/>
  <testcase name="addCat" time="0.066" classname="com.retailapp.tests.AddCategory"/>
  <system-out/>
</testsuite> <!-- com.retailapp.tests.AddCategory -->
