<?xml version="1.0" encoding="UTF-8"?>
<!-- Generated by org.testng.reporters.JUnitReportReporter -->
<testsuite skipped="0" hostname="Mevlut" name="com.retailapp.tests.LoginTest" tests="3" failures="0" timestamp="2021-08-25T12:04:26 CDT" time="3.676" errors="0">
  <testcase name="doLogin" time="2.940" classname="com.retailapp.tests.LoginTest"/>
  <system-out/>
  <testcase name="doLogin" time="0.668" classname="com.retailapp.tests.LoginTest"/>
  <system-out/>
  <testcase name="doLogin" time="0.068" classname="com.retailapp.tests.LoginTest"/>
  <system-out/>
</testsuite> <!-- com.retailapp.tests.LoginTest -->
