<?xml version="1.0" encoding="UTF-8"?>
<!-- Generated by org.testng.reporters.JUnitReportReporter -->
<testsuite skipped="0" hostname="Mevlut" name="com.retailapp.tests.AddCategoryTest" tests="1" failures="0" timestamp="2021-08-24T10:02:02 CDT" time="2.589" errors="0">
  <testcase name="addCat" time="2.589" classname="com.retailapp.tests.AddCategoryTest"/>
  <system-out/>
</testsuite> <!-- com.retailapp.tests.AddCategoryTest -->
